android/app/build/intermediates/manifest_merge_blame_file/debug/manifest-merger-blame-debug-report.txt
1<?xml version="1.0" encoding="utf-8"?>
2<manifest xmlns:android="http://schemas.android.com/apk/res/android"
3    package="com.baseket"
4    android:versionCode="1"
5    android:versionName="1.0" >
6
7    <uses-sdk
8        android:minSdkVersion="21"
9        android:targetSdkVersion="31" />
10
11    <uses-permission android:name="android.permission.SYSTEM_ALERT_WINDOW" />
11-->src/debug/AndroidManifest.xml:5:5-77
11-->src/debug/AndroidManifest.xml:5:22-75
12    <uses-permission android:name="android.permission.INTERNET" />
12-->src/main/AndroidManifest.xml:4:5-67
12-->src/main/AndroidManifest.xml:4:22-64
13    <uses-permission android:name="android.permission.ACCESS_FINE_LOCATION" />
13-->src/main/AndroidManifest.xml:5:5-79
13-->src/main/AndroidManifest.xml:5:22-76
14    <uses-permission android:name="android.permission.ACCESS_WIFI_STATE" /> <!-- Include required permissions for Google Maps API to run. -->
14-->[com.facebook.flipper:flipper:0.125.0] AndroidManifest.xml:16:5-76
14-->[com.facebook.flipper:flipper:0.125.0] AndroidManifest.xml:16:22-73
15    <uses-permission android:name="android.permission.ACCESS_NETWORK_STATE" />
15-->[com.google.android.gms:play-services-maps:18.0.2] AndroidManifest.xml:23:5-79
15-->[com.google.android.gms:play-services-maps:18.0.2] AndroidManifest.xml:23:22-76
16
17    <uses-feature
17-->[com.google.android.gms:play-services-maps:18.0.2] AndroidManifest.xml:26:5-28:35
18        android:glEsVersion="0x00020000"
18-->[com.google.android.gms:play-services-maps:18.0.2] AndroidManifest.xml:27:9-41
19        android:required="true" />
19-->[com.google.android.gms:play-services-maps:18.0.2] AndroidManifest.xml:28:9-32
20
21    <queries>
21-->[com.google.android.gms:play-services-maps:18.0.2] AndroidManifest.xml:30:5-34:15
22
23        <!-- Needs to be explicitly declared on Android R+ -->
24        <package android:name="com.google.android.apps.maps" />
24-->[com.google.android.gms:play-services-maps:18.0.2] AndroidManifest.xml:33:9-64
24-->[com.google.android.gms:play-services-maps:18.0.2] AndroidManifest.xml:33:18-61
25    </queries>
26
27    <uses-permission android:name="android.permission.WAKE_LOCK" />
27-->[androidx.work:work-runtime:2.7.1] AndroidManifest.xml:25:5-68
27-->[androidx.work:work-runtime:2.7.1] AndroidManifest.xml:25:22-65
28    <uses-permission android:name="android.permission.RECEIVE_BOOT_COMPLETED" />
28-->[androidx.work:work-runtime:2.7.1] AndroidManifest.xml:27:5-81
28-->[androidx.work:work-runtime:2.7.1] AndroidManifest.xml:27:22-78
29    <uses-permission android:name="android.permission.FOREGROUND_SERVICE" />
29-->[androidx.work:work-runtime:2.7.1] AndroidManifest.xml:28:5-77
29-->[androidx.work:work-runtime:2.7.1] AndroidManifest.xml:28:22-74
30
31    <application
31-->src/main/AndroidManifest.xml:7:5-29:19
32        android:name="com.baseket.MainApplication"
32-->src/main/AndroidManifest.xml:8:7-38
33        android:allowBackup="false"
33-->src/main/AndroidManifest.xml:12:7-34
34        android:appComponentFactory="androidx.core.app.CoreComponentFactory"
34-->[androidx.core:core:1.7.0] AndroidManifest.xml:24:18-86
35        android:debuggable="true"
36        android:icon="@mipmap/ic_launcher"
36-->src/main/AndroidManifest.xml:10:7-41
37        android:label="@string/app_name"
37-->src/main/AndroidManifest.xml:9:7-39
38        android:roundIcon="@mipmap/ic_launcher_round"
38-->src/main/AndroidManifest.xml:11:7-52
39        android:theme="@style/AppTheme"
39-->src/main/AndroidManifest.xml:13:7-38
40        android:usesCleartextTraffic="true" >
40-->src/debug/AndroidManifest.xml:8:9-44
41        <activity
41-->src/debug/AndroidManifest.xml:11:9-111
42            android:name="com.facebook.react.devsupport.DevSettingsActivity"
42-->src/debug/AndroidManifest.xml:11:19-83
43            android:exported="false" />
43-->src/debug/AndroidManifest.xml:11:84-108
44        <activity
44-->src/main/AndroidManifest.xml:14:7-25:18
45            android:name="com.baseket.MainActivity"
45-->src/main/AndroidManifest.xml:15:9-37
46            android:configChanges="keyboard|keyboardHidden|orientation|screenLayout|screenSize|smallestScreenSize|uiMode"
46-->src/main/AndroidManifest.xml:17:9-118
47            android:exported="true"
47-->src/main/AndroidManifest.xml:20:9-32
48            android:label="@string/app_name"
48-->src/main/AndroidManifest.xml:16:9-41
49            android:launchMode="singleTask"
49-->src/main/AndroidManifest.xml:18:9-40
50            android:windowSoftInputMode="adjustResize" >
50-->src/main/AndroidManifest.xml:19:9-51
51            <intent-filter>
51-->src/main/AndroidManifest.xml:21:9-24:25
52                <action android:name="android.intent.action.MAIN" />
52-->src/main/AndroidManifest.xml:22:13-65
52-->src/main/AndroidManifest.xml:22:21-62
53
54                <category android:name="android.intent.category.LAUNCHER" />
54-->src/main/AndroidManifest.xml:23:13-73
54-->src/main/AndroidManifest.xml:23:23-70
55            </intent-filter>
56        </activity>
57
58        <meta-data
58-->src/main/AndroidManifest.xml:26:7-28:70
59            android:name="com.google.android.geo.API_KEY"
59-->src/main/AndroidManifest.xml:27:13-58
60            android:value="AIzaSyDFlYusKYHmm3YHbYbKR6GwwaACPu3Afpc" /> <!-- Needs to be explicitly declared on P+ -->
60-->src/main/AndroidManifest.xml:28:13-68
61        <uses-library
61-->[com.google.android.gms:play-services-maps:18.0.2] AndroidManifest.xml:39:9-41:40
62            android:name="org.apache.http.legacy"
62-->[com.google.android.gms:play-services-maps:18.0.2] AndroidManifest.xml:40:13-50
63            android:required="false" />
63-->[com.google.android.gms:play-services-maps:18.0.2] AndroidManifest.xml:41:13-37
64
65        <activity
65-->[com.google.android.gms:play-services-auth:19.2.0] AndroidManifest.xml:23:9-27:75
66            android:name="com.google.android.gms.auth.api.signin.internal.SignInHubActivity"
66-->[com.google.android.gms:play-services-auth:19.2.0] AndroidManifest.xml:24:13-93
67            android:excludeFromRecents="true"
67-->[com.google.android.gms:play-services-auth:19.2.0] AndroidManifest.xml:25:13-46
68            android:exported="false"
68-->[com.google.android.gms:play-services-auth:19.2.0] AndroidManifest.xml:26:13-37
69            android:theme="@android:style/Theme.Translucent.NoTitleBar" />
69-->[com.google.android.gms:play-services-auth:19.2.0] AndroidManifest.xml:27:13-72
70        <!--
71            Service handling Google Sign-In user revocation. For apps that do not integrate with
72            Google Sign-In, this service will never be started.
73        -->
74        <service
74-->[com.google.android.gms:play-services-auth:19.2.0] AndroidManifest.xml:33:9-37:51
75            android:name="com.google.android.gms.auth.api.signin.RevocationBoundService"
75-->[com.google.android.gms:play-services-auth:19.2.0] AndroidManifest.xml:34:13-89
76            android:exported="true"
76-->[com.google.android.gms:play-services-auth:19.2.0] AndroidManifest.xml:35:13-36
77            android:permission="com.google.android.gms.auth.api.signin.permission.REVOCATION_NOTIFICATION"
77-->[com.google.android.gms:play-services-auth:19.2.0] AndroidManifest.xml:36:13-107
78            android:visibleToInstantApps="true" />
78-->[com.google.android.gms:play-services-auth:19.2.0] AndroidManifest.xml:37:13-48
79
80        <activity
80-->[com.google.android.gms:play-services-base:18.0.1] AndroidManifest.xml:20:9-22:45
81            android:name="com.google.android.gms.common.api.GoogleApiActivity"
81-->[com.google.android.gms:play-services-base:18.0.1] AndroidManifest.xml:20:19-85
82            android:exported="false"
82-->[com.google.android.gms:play-services-base:18.0.1] AndroidManifest.xml:22:19-43
83            android:theme="@android:style/Theme.Translucent.NoTitleBar" />
83-->[com.google.android.gms:play-services-base:18.0.1] AndroidManifest.xml:21:19-78
84
85        <provider
85-->[androidx.work:work-runtime:2.7.1] AndroidManifest.xml:31:9-39:20
86            android:name="androidx.startup.InitializationProvider"
86-->[androidx.work:work-runtime:2.7.1] AndroidManifest.xml:32:13-67
87            android:authorities="com.baseket.androidx-startup"
87-->[androidx.work:work-runtime:2.7.1] AndroidManifest.xml:33:13-68
88            android:exported="false" >
88-->[androidx.work:work-runtime:2.7.1] AndroidManifest.xml:34:13-37
89            <meta-data
89-->[androidx.work:work-runtime:2.7.1] AndroidManifest.xml:36:13-38:52
90                android:name="androidx.work.WorkManagerInitializer"
90-->[androidx.work:work-runtime:2.7.1] AndroidManifest.xml:37:17-68
91                android:value="androidx.startup" />
91-->[androidx.work:work-runtime:2.7.1] AndroidManifest.xml:38:17-49
92            <meta-data
92-->[androidx.emoji2:emoji2:1.0.0] AndroidManifest.xml:31:13-33:52
93                android:name="androidx.emoji2.text.EmojiCompatInitializer"
93-->[androidx.emoji2:emoji2:1.0.0] AndroidManifest.xml:32:17-75
94                android:value="androidx.startup" />
94-->[androidx.emoji2:emoji2:1.0.0] AndroidManifest.xml:33:17-49
95            <meta-data
95-->[androidx.lifecycle:lifecycle-process:2.4.0] AndroidManifest.xml:31:13-33:52
96                android:name="androidx.lifecycle.ProcessLifecycleInitializer"
96-->[androidx.lifecycle:lifecycle-process:2.4.0] AndroidManifest.xml:32:17-78
97                android:value="androidx.startup" />
97-->[androidx.lifecycle:lifecycle-process:2.4.0] AndroidManifest.xml:33:17-49
98        </provider>
99
100        <service
100-->[androidx.work:work-runtime:2.7.1] AndroidManifest.xml:41:9-46:35
101            android:name="androidx.work.impl.background.systemalarm.SystemAlarmService"
101-->[androidx.work:work-runtime:2.7.1] AndroidManifest.xml:42:13-88
102            android:directBootAware="false"
102-->[androidx.work:work-runtime:2.7.1] AndroidManifest.xml:43:13-44
103            android:enabled="@bool/enable_system_alarm_service_default"
103-->[androidx.work:work-runtime:2.7.1] AndroidManifest.xml:44:13-72
104            android:exported="false" />
104-->[androidx.work:work-runtime:2.7.1] AndroidManifest.xml:45:13-37
105        <service
105-->[androidx.work:work-runtime:2.7.1] AndroidManifest.xml:47:9-53:35
106            android:name="androidx.work.impl.background.systemjob.SystemJobService"
106-->[androidx.work:work-runtime:2.7.1] AndroidManifest.xml:48:13-84
107            android:directBootAware="false"
107-->[androidx.work:work-runtime:2.7.1] AndroidManifest.xml:49:13-44
108            android:enabled="@bool/enable_system_job_service_default"
108-->[androidx.work:work-runtime:2.7.1] AndroidManifest.xml:50:13-70
109            android:exported="true"
109-->[androidx.work:work-runtime:2.7.1] AndroidManifest.xml:51:13-36
110            android:permission="android.permission.BIND_JOB_SERVICE" />
110-->[androidx.work:work-runtime:2.7.1] AndroidManifest.xml:52:13-69
111        <service
111-->[androidx.work:work-runtime:2.7.1] AndroidManifest.xml:54:9-59:35
112            android:name="androidx.work.impl.foreground.SystemForegroundService"
112-->[androidx.work:work-runtime:2.7.1] AndroidManifest.xml:55:13-81
113            android:directBootAware="false"
113-->[androidx.work:work-runtime:2.7.1] AndroidManifest.xml:56:13-44
114            android:enabled="@bool/enable_system_foreground_service_default"
114-->[androidx.work:work-runtime:2.7.1] AndroidManifest.xml:57:13-77
115            android:exported="false" />
115-->[androidx.work:work-runtime:2.7.1] AndroidManifest.xml:58:13-37
116
117        <receiver
117-->[androidx.work:work-runtime:2.7.1] AndroidManifest.xml:61:9-66:35
118            android:name="androidx.work.impl.utils.ForceStopRunnable$BroadcastReceiver"
118-->[androidx.work:work-runtime:2.7.1] AndroidManifest.xml:62:13-88
119            android:directBootAware="false"
119-->[androidx.work:work-runtime:2.7.1] AndroidManifest.xml:63:13-44
120            android:enabled="true"
120-->[androidx.work:work-runtime:2.7.1] AndroidManifest.xml:64:13-35
121            android:exported="false" />
121-->[androidx.work:work-runtime:2.7.1] AndroidManifest.xml:65:13-37
122        <receiver
122-->[androidx.work:work-runtime:2.7.1] AndroidManifest.xml:67:9-77:20
123            android:name="androidx.work.impl.background.systemalarm.ConstraintProxy$BatteryChargingProxy"
123-->[androidx.work:work-runtime:2.7.1] AndroidManifest.xml:68:13-106
124            android:directBootAware="false"
124-->[androidx.work:work-runtime:2.7.1] AndroidManifest.xml:69:13-44
125            android:enabled="false"
125-->[androidx.work:work-runtime:2.7.1] AndroidManifest.xml:70:13-36
126            android:exported="false" >
126-->[androidx.work:work-runtime:2.7.1] AndroidManifest.xml:71:13-37
127            <intent-filter>
127-->[androidx.work:work-runtime:2.7.1] AndroidManifest.xml:73:13-76:29
128                <action android:name="android.intent.action.ACTION_POWER_CONNECTED" />
128-->[androidx.work:work-runtime:2.7.1] AndroidManifest.xml:74:17-87
128-->[androidx.work:work-runtime:2.7.1] AndroidManifest.xml:74:25-84
129                <action android:name="android.intent.action.ACTION_POWER_DISCONNECTED" />
129-->[androidx.work:work-runtime:2.7.1] AndroidManifest.xml:75:17-90
129-->[androidx.work:work-runtime:2.7.1] AndroidManifest.xml:75:25-87
130            </intent-filter>
131        </receiver>
132        <receiver
132-->[androidx.work:work-runtime:2.7.1] AndroidManifest.xml:78:9-88:20
133            android:name="androidx.work.impl.background.systemalarm.ConstraintProxy$BatteryNotLowProxy"
133-->[androidx.work:work-runtime:2.7.1] AndroidManifest.xml:79:13-104
134            android:directBootAware="false"
134-->[androidx.work:work-runtime:2.7.1] AndroidManifest.xml:80:13-44
135            android:enabled="false"
135-->[androidx.work:work-runtime:2.7.1] AndroidManifest.xml:81:13-36
136            android:exported="false" >
136-->[androidx.work:work-runtime:2.7.1] AndroidManifest.xml:82:13-37
137            <intent-filter>
137-->[androidx.work:work-runtime:2.7.1] AndroidManifest.xml:84:13-87:29
138                <action android:name="android.intent.action.BATTERY_OKAY" />
138-->[androidx.work:work-runtime:2.7.1] AndroidManifest.xml:85:17-77
138-->[androidx.work:work-runtime:2.7.1] AndroidManifest.xml:85:25-74
139                <action android:name="android.intent.action.BATTERY_LOW" />
139-->[androidx.work:work-runtime:2.7.1] AndroidManifest.xml:86:17-76
139-->[androidx.work:work-runtime:2.7.1] AndroidManifest.xml:86:25-73
140            </intent-filter>
141        </receiver>
142        <receiver
142-->[androidx.work:work-runtime:2.7.1] AndroidManifest.xml:89:9-99:20
143            android:name="androidx.work.impl.background.systemalarm.ConstraintProxy$StorageNotLowProxy"
143-->[androidx.work:work-runtime:2.7.1] AndroidManifest.xml:90:13-104
144            android:directBootAware="false"
144-->[androidx.work:work-runtime:2.7.1] AndroidManifest.xml:91:13-44
145            android:enabled="false"
145-->[androidx.work:work-runtime:2.7.1] AndroidManifest.xml:92:13-36
146            android:exported="false" >
146-->[androidx.work:work-runtime:2.7.1] AndroidManifest.xml:93:13-37
147            <intent-filter>
147-->[androidx.work:work-runtime:2.7.1] AndroidManifest.xml:95:13-98:29
148                <action android:name="android.intent.action.DEVICE_STORAGE_LOW" />
148-->[androidx.work:work-runtime:2.7.1] AndroidManifest.xml:96:17-83
148-->[androidx.work:work-runtime:2.7.1] AndroidManifest.xml:96:25-80
149                <action android:name="android.intent.action.DEVICE_STORAGE_OK" />
149-->[androidx.work:work-runtime:2.7.1] AndroidManifest.xml:97:17-82
149-->[androidx.work:work-runtime:2.7.1] AndroidManifest.xml:97:25-79
150            </intent-filter>
151        </receiver>
152        <receiver
152-->[androidx.work:work-runtime:2.7.1] AndroidManifest.xml:100:9-109:20
153            android:name="androidx.work.impl.background.systemalarm.ConstraintProxy$NetworkStateProxy"
153-->[androidx.work:work-runtime:2.7.1] AndroidManifest.xml:101:13-103
154            android:directBootAware="false"
154-->[androidx.work:work-runtime:2.7.1] AndroidManifest.xml:102:13-44
155            android:enabled="false"
155-->[androidx.work:work-runtime:2.7.1] AndroidManifest.xml:103:13-36
156            android:exported="false" >
156-->[androidx.work:work-runtime:2.7.1] AndroidManifest.xml:104:13-37
157            <intent-filter>
157-->[androidx.work:work-runtime:2.7.1] AndroidManifest.xml:106:13-108:29
158                <action android:name="android.net.conn.CONNECTIVITY_CHANGE" />
158-->[androidx.work:work-runtime:2.7.1] AndroidManifest.xml:107:17-79
158-->[androidx.work:work-runtime:2.7.1] AndroidManifest.xml:107:25-76
159            </intent-filter>
160        </receiver>
161        <receiver
161-->[androidx.work:work-runtime:2.7.1] AndroidManifest.xml:110:9-121:20
162            android:name="androidx.work.impl.background.systemalarm.RescheduleReceiver"
162-->[androidx.work:work-runtime:2.7.1] AndroidManifest.xml:111:13-88
163            android:directBootAware="false"
163-->[androidx.work:work-runtime:2.7.1] AndroidManifest.xml:112:13-44
164            android:enabled="false"
164-->[androidx.work:work-runtime:2.7.1] AndroidManifest.xml:113:13-36
165            android:exported="false" >
165-->[androidx.work:work-runtime:2.7.1] AndroidManifest.xml:114:13-37
166            <intent-filter>
166-->[androidx.work:work-runtime:2.7.1] AndroidManifest.xml:116:13-120:29
167                <action android:name="android.intent.action.BOOT_COMPLETED" />
167-->[androidx.work:work-runtime:2.7.1] AndroidManifest.xml:117:17-79
167-->[androidx.work:work-runtime:2.7.1] AndroidManifest.xml:117:25-76
168                <action android:name="android.intent.action.TIME_SET" />
168-->[androidx.work:work-runtime:2.7.1] AndroidManifest.xml:118:17-73
168-->[androidx.work:work-runtime:2.7.1] AndroidManifest.xml:118:25-70
169                <action android:name="android.intent.action.TIMEZONE_CHANGED" />
169-->[androidx.work:work-runtime:2.7.1] AndroidManifest.xml:119:17-81
169-->[androidx.work:work-runtime:2.7.1] AndroidManifest.xml:119:25-78
170            </intent-filter>
171        </receiver>
172        <receiver
172-->[androidx.work:work-runtime:2.7.1] AndroidManifest.xml:122:9-131:20
173            android:name="androidx.work.impl.background.systemalarm.ConstraintProxyUpdateReceiver"
173-->[androidx.work:work-runtime:2.7.1] AndroidManifest.xml:123:13-99
174            android:directBootAware="false"
174-->[androidx.work:work-runtime:2.7.1] AndroidManifest.xml:124:13-44
175            android:enabled="@bool/enable_system_alarm_service_default"
175-->[androidx.work:work-runtime:2.7.1] AndroidManifest.xml:125:13-72
176            android:exported="false" >
176-->[androidx.work:work-runtime:2.7.1] AndroidManifest.xml:126:13-37
177            <intent-filter>
177-->[androidx.work:work-runtime:2.7.1] AndroidManifest.xml:128:13-130:29
178                <action android:name="androidx.work.impl.background.systemalarm.UpdateProxies" />
178-->[androidx.work:work-runtime:2.7.1] AndroidManifest.xml:129:17-98
178-->[androidx.work:work-runtime:2.7.1] AndroidManifest.xml:129:25-95
179            </intent-filter>
180        </receiver>
181        <receiver
181-->[androidx.work:work-runtime:2.7.1] AndroidManifest.xml:132:9-142:20
182            android:name="androidx.work.impl.diagnostics.DiagnosticsReceiver"
182-->[androidx.work:work-runtime:2.7.1] AndroidManifest.xml:133:13-78
183            android:directBootAware="false"
183-->[androidx.work:work-runtime:2.7.1] AndroidManifest.xml:134:13-44
184            android:enabled="true"
184-->[androidx.work:work-runtime:2.7.1] AndroidManifest.xml:135:13-35
185            android:exported="true"
185-->[androidx.work:work-runtime:2.7.1] AndroidManifest.xml:136:13-36
186            android:permission="android.permission.DUMP" >
186-->[androidx.work:work-runtime:2.7.1] AndroidManifest.xml:137:13-57
187            <intent-filter>
187-->[androidx.work:work-runtime:2.7.1] AndroidManifest.xml:139:13-141:29
188                <action android:name="androidx.work.diagnostics.REQUEST_DIAGNOSTICS" />
188-->[androidx.work:work-runtime:2.7.1] AndroidManifest.xml:140:17-88
188-->[androidx.work:work-runtime:2.7.1] AndroidManifest.xml:140:25-85
189            </intent-filter>
190        </receiver>
191
192        <service
192-->[androidx.room:room-runtime:2.2.5] AndroidManifest.xml:25:9-28:40
193            android:name="androidx.room.MultiInstanceInvalidationService"
193-->[androidx.room:room-runtime:2.2.5] AndroidManifest.xml:26:13-74
194            android:directBootAware="true"
194-->[androidx.room:room-runtime:2.2.5] AndroidManifest.xml:27:13-43
195            android:exported="false" />
195-->[androidx.room:room-runtime:2.2.5] AndroidManifest.xml:28:13-37
196
197        <meta-data
197-->[com.google.android.gms:play-services-basement:18.0.0] AndroidManifest.xml:21:9-23:69
198            android:name="com.google.android.gms.version"
198-->[com.google.android.gms:play-services-basement:18.0.0] AndroidManifest.xml:22:13-58
199            android:value="@integer/google_play_services_version" />
199-->[com.google.android.gms:play-services-basement:18.0.0] AndroidManifest.xml:23:13-66
200    </application>
201
202</manifest>